Started GET "/" for 127.0.0.1 at 2023-10-03 16:01:36 -0500
Processing by Rails::WelcomeController#index as HTML
  Rendering /home/clara/gems/gems/railties-7.0.8/lib/rails/templates/rails/welcome/index.html.erb
  Rendered /home/clara/gems/gems/railties-7.0.8/lib/rails/templates/rails/welcome/index.html.erb (Duration: 5.3ms | Allocations: 931)
Completed 200 OK in 58ms (Views: 21.2ms | ActiveRecord: 0.0ms | Allocations: 10030)


Started GET "/movies" for 127.0.0.1 at 2023-10-03 16:02:30 -0500
  
ActionController::RoutingError (No route matches [GET] "/movies"):
  
Started GET "/movies" for 127.0.0.1 at 2023-10-03 16:15:22 -0500
  
ActionController::RoutingError (uninitialized constant MoviesController):
  
Started GET "/movies" for 127.0.0.1 at 2023-10-03 16:17:52 -0500
  
ActionController::RoutingError (uninitialized constant MoviesController):
  
Started GET "/movies" for 127.0.0.1 at 2023-10-03 16:17:53 -0500
  
ActionController::RoutingError (uninitialized constant MoviesController):
  
Started GET "/movies" for 127.0.0.1 at 2023-10-03 16:17:55 -0500
  
ActionController::RoutingError (uninitialized constant MoviesController):
  
Started GET "/movies" for 127.0.0.1 at 2023-10-03 16:17:55 -0500
  
ActionController::RoutingError (uninitialized constant MoviesController):
  
Started GET "/movies" for 127.0.0.1 at 2023-10-03 16:17:55 -0500
  
ActionController::RoutingError (uninitialized constant MoviesController):
  
Started GET "/movies" for 127.0.0.1 at 2023-10-03 16:17:56 -0500
  
ActionController::RoutingError (uninitialized constant MoviesController):
  
Started GET "/movies" for 127.0.0.1 at 2023-10-03 16:17:56 -0500
  
ActionController::RoutingError (uninitialized constant MoviesController):
  
Started GET "/movies" for 127.0.0.1 at 2023-10-03 16:17:56 -0500
  
ActionController::RoutingError (uninitialized constant MoviesController):
  
Started GET "/movies" for 127.0.0.1 at 2023-10-03 16:19:22 -0500
  
ActionController::RoutingError (uninitialized constant MoviesController):
  
Started GET "/movies" for 127.0.0.1 at 2023-10-03 16:21:01 -0500
  
ActionController::RoutingError (uninitialized constant MoviesController):
  
Started GET "/movies" for 127.0.0.1 at 2023-10-03 16:21:02 -0500
  
ActionController::RoutingError (uninitialized constant MoviesController):
  
  [1m[35m (145.9ms)[0m  [1m[35mCREATE TABLE "schema_migrations" ("version" varchar NOT NULL PRIMARY KEY)[0m
  [1m[35m (137.1ms)[0m  [1m[35mCREATE TABLE "ar_internal_metadata" ("key" varchar NOT NULL PRIMARY KEY, "value" varchar, "created_at" datetime(6) NOT NULL, "updated_at" datetime(6) NOT NULL)[0m
  [1m[36mActiveRecord::SchemaMigration Pluck (0.4ms)[0m  [1m[34mSELECT "schema_migrations"."version" FROM "schema_migrations" ORDER BY "schema_migrations"."version" ASC[0m
Migrating to CreateMovies (20231003234846)
  [1m[36mActiveRecord::SchemaMigration Pluck (0.4ms)[0m  [1m[34mSELECT "schema_migrations"."version" FROM "schema_migrations" ORDER BY "schema_migrations"."version" ASC[0m
Migrating to CreateMovies (20231003234846)
  [1m[36mActiveRecord::SchemaMigration Pluck (0.1ms)[0m  [1m[34mSELECT "schema_migrations"."version" FROM "schema_migrations" ORDER BY "schema_migrations"."version" ASC[0m
Migrating to CreateMovies (20231003234846)
  [1m[36mActiveRecord::SchemaMigration Pluck (0.3ms)[0m  [1m[34mSELECT "schema_migrations"."version" FROM "schema_migrations" ORDER BY "schema_migrations"."version" ASC[0m
Migrating to CreateMovies (20231003234846)
  [1m[36mActiveRecord::SchemaMigration Pluck (0.1ms)[0m  [1m[34mSELECT "schema_migrations"."version" FROM "schema_migrations" ORDER BY "schema_migrations"."version" ASC[0m
Migrating to CreateMovies (20231003234846)
  [1m[36mActiveRecord::SchemaMigration Pluck (0.1ms)[0m  [1m[34mSELECT "schema_migrations"."version" FROM "schema_migrations" ORDER BY "schema_migrations"."version" ASC[0m
Migrating to CreateMovies (20231003234846)
  [1m[36mTRANSACTION (0.2ms)[0m  [1m[36mbegin transaction[0m
  [1m[35m (1.1ms)[0m  [1m[35mCREATE TABLE "movies" ("id" integer PRIMARY KEY AUTOINCREMENT NOT NULL, "title" varchar, "rating" varchar, "description" text, "release_date" datetime, "created_at" datetime NOT NULL, "updated_at" datetime NOT NULL)[0m
  [1m[36mActiveRecord::SchemaMigration Create (0.5ms)[0m  [1m[32mINSERT INTO "schema_migrations" ("version") VALUES (?)[0m  [["version", "20231003234846"]]
  [1m[36mTRANSACTION (106.5ms)[0m  [1m[36mcommit transaction[0m
  [1m[36mActiveRecord::InternalMetadata Load (0.2ms)[0m  [1m[34mSELECT "ar_internal_metadata".* FROM "ar_internal_metadata" WHERE "ar_internal_metadata"."key" = ? LIMIT ?[0m  [["key", "environment"], ["LIMIT", 1]]
  [1m[36mTRANSACTION (0.1ms)[0m  [1m[36mbegin transaction[0m
  [1m[36mActiveRecord::InternalMetadata Create (0.2ms)[0m  [1m[32mINSERT INTO "ar_internal_metadata" ("key", "value", "created_at", "updated_at") VALUES (?, ?, ?, ?)[0m  [["key", "environment"], ["value", "development"], ["created_at", "2023-10-04 00:07:18.299227"], ["updated_at", "2023-10-04 00:07:18.299227"]]
  [1m[36mTRANSACTION (84.2ms)[0m  [1m[36mcommit transaction[0m
  [1m[36mActiveRecord::SchemaMigration Pluck (0.1ms)[0m  [1m[34mSELECT "schema_migrations"."version" FROM "schema_migrations" ORDER BY "schema_migrations"."version" ASC[0m
  [1m[36mActiveRecord::SchemaMigration Pluck (0.2ms)[0m  [1m[34mSELECT "schema_migrations"."version" FROM "schema_migrations" ORDER BY "schema_migrations"."version" ASC[0m
  [1m[36mActiveRecord::InternalMetadata Load (0.2ms)[0m  [1m[34mSELECT "ar_internal_metadata".* FROM "ar_internal_metadata" WHERE "ar_internal_metadata"."key" = ? LIMIT ?[0m  [["key", "environment"], ["LIMIT", 1]]
  [1m[36mActiveRecord::SchemaMigration Pluck (0.1ms)[0m  [1m[34mSELECT "schema_migrations"."version" FROM "schema_migrations" ORDER BY "schema_migrations"."version" ASC[0m
  [1m[36mActiveRecord::SchemaMigration Pluck (0.1ms)[0m  [1m[34mSELECT "schema_migrations"."version" FROM "schema_migrations" ORDER BY "schema_migrations"."version" ASC[0m
  [1m[36mActiveRecord::SchemaMigration Pluck (0.1ms)[0m  [1m[34mSELECT "schema_migrations"."version" FROM "schema_migrations" ORDER BY "schema_migrations"."version" ASC[0m
  [1m[36mActiveRecord::SchemaMigration Pluck (0.1ms)[0m  [1m[34mSELECT "schema_migrations"."version" FROM "schema_migrations" ORDER BY "schema_migrations"."version" ASC[0m
  [1m[36mActiveRecord::SchemaMigration Pluck (0.1ms)[0m  [1m[34mSELECT "schema_migrations"."version" FROM "schema_migrations" ORDER BY "schema_migrations"."version" ASC[0m
Migrating to CreateMovies (20231003234846)
  [1m[36mTRANSACTION (0.1ms)[0m  [1m[36mbegin transaction[0m
  [1m[35m (0.4ms)[0m  [1m[35mDROP TABLE "movies"[0m
  [1m[36mActiveRecord::SchemaMigration Delete All (0.1ms)[0m  [1m[31mDELETE FROM "schema_migrations" WHERE "schema_migrations"."version" = ?[0m  [["version", "20231003234846"]]
  [1m[36mTRANSACTION (2079.0ms)[0m  [1m[36mcommit transaction[0m
  [1m[36mActiveRecord::SchemaMigration Pluck (0.3ms)[0m  [1m[34mSELECT "schema_migrations"."version" FROM "schema_migrations" ORDER BY "schema_migrations"."version" ASC[0m
  [1m[36mActiveRecord::SchemaMigration Pluck (0.1ms)[0m  [1m[34mSELECT "schema_migrations"."version" FROM "schema_migrations" ORDER BY "schema_migrations"."version" ASC[0m
  [1m[36mActiveRecord::SchemaMigration Pluck (0.1ms)[0m  [1m[34mSELECT "schema_migrations"."version" FROM "schema_migrations" ORDER BY "schema_migrations"."version" ASC[0m
  [1m[36mActiveRecord::SchemaMigration Pluck (0.1ms)[0m  [1m[34mSELECT "schema_migrations"."version" FROM "schema_migrations" ORDER BY "schema_migrations"."version" ASC[0m
  [1m[36mActiveRecord::SchemaMigration Pluck (0.1ms)[0m  [1m[34mSELECT "schema_migrations"."version" FROM "schema_migrations" ORDER BY "schema_migrations"."version" ASC[0m
  [1m[36mActiveRecord::SchemaMigration Pluck (0.3ms)[0m  [1m[34mSELECT "schema_migrations"."version" FROM "schema_migrations" ORDER BY "schema_migrations"."version" ASC[0m
  [1m[36mActiveRecord::SchemaMigration Pluck (0.2ms)[0m  [1m[34mSELECT "schema_migrations"."version" FROM "schema_migrations" ORDER BY "schema_migrations"."version" ASC[0m
  [1m[36mActiveRecord::SchemaMigration Pluck (0.1ms)[0m  [1m[34mSELECT "schema_migrations"."version" FROM "schema_migrations" ORDER BY "schema_migrations"."version" ASC[0m
  [1m[36mActiveRecord::SchemaMigration Pluck (0.3ms)[0m  [1m[34mSELECT "schema_migrations"."version" FROM "schema_migrations" ORDER BY "schema_migrations"."version" ASC[0m
  [1m[36mActiveRecord::SchemaMigration Pluck (0.1ms)[0m  [1m[34mSELECT "schema_migrations"."version" FROM "schema_migrations" ORDER BY "schema_migrations"."version" ASC[0m
Migrating to CreateMovies (20231003234846)
  [1m[36mTRANSACTION (0.0ms)[0m  [1m[36mbegin transaction[0m
  [1m[35m (0.3ms)[0m  [1m[35mCREATE TABLE "movies" ("id" integer PRIMARY KEY AUTOINCREMENT NOT NULL, "title" varchar, "rating" varchar, "description" text, "release_date" datetime, "created_at" datetime NOT NULL, "updated_at" datetime NOT NULL)[0m
  [1m[36mActiveRecord::SchemaMigration Create (0.2ms)[0m  [1m[32mINSERT INTO "schema_migrations" ("version") VALUES (?)[0m  [["version", "20231003234846"]]
  [1m[36mTRANSACTION (75.4ms)[0m  [1m[36mcommit transaction[0m
  [1m[36mActiveRecord::InternalMetadata Load (0.4ms)[0m  [1m[34mSELECT "ar_internal_metadata".* FROM "ar_internal_metadata" WHERE "ar_internal_metadata"."key" = ? LIMIT ?[0m  [["key", "environment"], ["LIMIT", 1]]
  [1m[36mActiveRecord::SchemaMigration Pluck (0.3ms)[0m  [1m[34mSELECT "schema_migrations"."version" FROM "schema_migrations" ORDER BY "schema_migrations"."version" ASC[0m
  [1m[36mTRANSACTION (0.2ms)[0m  [1m[36mbegin transaction[0m
  [1m[36mMovie Create (31.8ms)[0m  [1m[32mINSERT INTO "movies" ("title", "rating", "description", "release_date", "created_at", "updated_at") VALUES (?, ?, ?, ?, ?, ?)[0m  [["title", "Star Wars"], ["rating", "PG"], ["description", nil], ["release_date", "1977-04-25 00:00:00"], ["created_at", "2023-10-04 16:37:50.689777"], ["updated_at", "2023-10-04 16:37:50.689777"]]
  [1m[36mTRANSACTION (66.4ms)[0m  [1m[36mcommit transaction[0m
  [1m[36mActiveRecord::SchemaMigration Pluck (0.1ms)[0m  [1m[34mSELECT "schema_migrations"."version" FROM "schema_migrations" ORDER BY "schema_migrations"."version" ASC[0m
  [1m[36mTRANSACTION (0.1ms)[0m  [1m[36mbegin transaction[0m
  [1m[36mMovie Create (0.2ms)[0m  [1m[32mINSERT INTO "movies" ("title", "rating", "description", "release_date", "created_at", "updated_at") VALUES (?, ?, ?, ?, ?, ?)[0m  [["title", "Aladdin"], ["rating", "G"], ["description", nil], ["release_date", "1992-11-25 00:00:00"], ["created_at", "2023-10-04 16:41:33.905364"], ["updated_at", "2023-10-04 16:41:33.905364"]]
  [1m[36mTRANSACTION (89.6ms)[0m  [1m[36mcommit transaction[0m
  [1m[36mTRANSACTION (0.1ms)[0m  [1m[36mbegin transaction[0m
  [1m[36mMovie Create (0.2ms)[0m  [1m[32mINSERT INTO "movies" ("title", "rating", "description", "release_date", "created_at", "updated_at") VALUES (?, ?, ?, ?, ?, ?)[0m  [["title", "When Harry Met Sally"], ["rating", "R"], ["description", nil], ["release_date", "1989-07-21 00:00:00"], ["created_at", "2023-10-04 16:41:34.001075"], ["updated_at", "2023-10-04 16:41:34.001075"]]
  [1m[36mTRANSACTION (63.4ms)[0m  [1m[36mcommit transaction[0m
  [1m[36mTRANSACTION (0.1ms)[0m  [1m[36mbegin transaction[0m
  [1m[36mMovie Create (0.6ms)[0m  [1m[32mINSERT INTO "movies" ("title", "rating", "description", "release_date", "created_at", "updated_at") VALUES (?, ?, ?, ?, ?, ?)[0m  [["title", "The Help"], ["rating", "PG-13"], ["description", nil], ["release_date", "2011-08-10 00:00:00"], ["created_at", "2023-10-04 16:41:34.069071"], ["updated_at", "2023-10-04 16:41:34.069071"]]
  [1m[36mTRANSACTION (71.4ms)[0m  [1m[36mcommit transaction[0m
  [1m[36mTRANSACTION (0.1ms)[0m  [1m[36mbegin transaction[0m
  [1m[36mMovie Create (0.6ms)[0m  [1m[32mINSERT INTO "movies" ("title", "rating", "description", "release_date", "created_at", "updated_at") VALUES (?, ?, ?, ?, ?, ?)[0m  [["title", "Raiders of the Lost Ark"], ["rating", "PG"], ["description", nil], ["release_date", "1981-06-12 00:00:00"], ["created_at", "2023-10-04 16:41:34.149928"], ["updated_at", "2023-10-04 16:41:34.149928"]]
  [1m[36mTRANSACTION (102.3ms)[0m  [1m[36mcommit transaction[0m
  [1m[36mActiveRecord::SchemaMigration Pluck (0.2ms)[0m  [1m[34mSELECT "schema_migrations"."version" FROM "schema_migrations" ORDER BY "schema_migrations"."version" ASC[0m
  [1m[36mTRANSACTION (0.1ms)[0m  [1m[36mbegin transaction[0m
  [1m[36mMovie Create (0.8ms)[0m  [1m[32mINSERT INTO "movies" ("title", "rating", "description", "release_date", "created_at", "updated_at") VALUES (?, ?, ?, ?, ?, ?)[0m  [["title", "Aladdin"], ["rating", "G"], ["description", nil], ["release_date", "1992-11-25 00:00:00"], ["created_at", "2023-10-04 16:45:35.796150"], ["updated_at", "2023-10-04 16:45:35.796150"]]
  [1m[36mTRANSACTION (424.5ms)[0m  [1m[36mcommit transaction[0m
  [1m[36mTRANSACTION (0.1ms)[0m  [1m[36mbegin transaction[0m
  [1m[36mMovie Create (0.3ms)[0m  [1m[32mINSERT INTO "movies" ("title", "rating", "description", "release_date", "created_at", "updated_at") VALUES (?, ?, ?, ?, ?, ?)[0m  [["title", "When Harry Met Sally"], ["rating", "R"], ["description", nil], ["release_date", "1989-07-21 00:00:00"], ["created_at", "2023-10-04 16:45:36.229427"], ["updated_at", "2023-10-04 16:45:36.229427"]]
  [1m[36mTRANSACTION (1727.2ms)[0m  [1m[36mcommit transaction[0m
  [1m[36mTRANSACTION (0.1ms)[0m  [1m[36mbegin transaction[0m
  [1m[36mMovie Create (0.4ms)[0m  [1m[32mINSERT INTO "movies" ("title", "rating", "description", "release_date", "created_at", "updated_at") VALUES (?, ?, ?, ?, ?, ?)[0m  [["title", "The Help"], ["rating", "PG-13"], ["description", nil], ["release_date", "2011-08-10 00:00:00"], ["created_at", "2023-10-04 16:45:37.961380"], ["updated_at", "2023-10-04 16:45:37.961380"]]
  [1m[36mTRANSACTION (1353.5ms)[0m  [1m[36mcommit transaction[0m
  [1m[36mTRANSACTION (0.6ms)[0m  [1m[36mbegin transaction[0m
  [1m[36mMovie Create (0.7ms)[0m  [1m[32mINSERT INTO "movies" ("title", "rating", "description", "release_date", "created_at", "updated_at") VALUES (?, ?, ?, ?, ?, ?)[0m  [["title", "Raiders of the Lost Ark"], ["rating", "PG"], ["description", nil], ["release_date", "1981-06-12 00:00:00"], ["created_at", "2023-10-04 16:45:39.322439"], ["updated_at", "2023-10-04 16:45:39.322439"]]
  [1m[36mTRANSACTION (574.6ms)[0m  [1m[36mcommit transaction[0m
  [1m[36mMovie Load (0.2ms)[0m  [1m[34mSELECT "movies".* FROM "movies"[0m
Started GET "/movies/" for ::1 at 2023-10-04 12:20:39 -0500
  [1m[36mActiveRecord::SchemaMigration Pluck (0.2ms)[0m  [1m[34mSELECT "schema_migrations"."version" FROM "schema_migrations" ORDER BY "schema_migrations"."version" ASC[0m
Processing by MoviesController#index as HTML
  Rendering layout layouts/application.html.erb
  Rendering movies/index.html.haml within layouts/application
  [1m[36mMovie Load (0.2ms)[0m  [1m[34mSELECT "movies".* FROM "movies"[0m
  ↳ app/views/movies/index.html.haml:11
  Rendered movies/index.html.haml within layouts/application (Duration: 59.3ms | Allocations: 31518)
  Rendered layout layouts/application.html.erb (Duration: 1145.6ms | Allocations: 122925)
Completed 200 OK in 1304ms (Views: 1156.6ms | ActiveRecord: 0.8ms | Allocations: 130256)


Started GET "/" for ::1 at 2023-10-04 12:22:19 -0500
Started GET "/movies" for ::1 at 2023-10-04 12:22:19 -0500
Processing by MoviesController#index as HTML
  Rendering layout layouts/application.html.erb
  Rendering movies/index.html.haml within layouts/application
  [1m[36mMovie Load (0.2ms)[0m  [1m[34mSELECT "movies".* FROM "movies"[0m
  ↳ app/views/movies/index.html.haml:11
  Rendered movies/index.html.haml within layouts/application (Duration: 4.0ms | Allocations: 1221)
  Rendered layout layouts/application.html.erb (Duration: 8.2ms | Allocations: 3670)
Completed 200 OK in 10ms (Views: 8.9ms | ActiveRecord: 0.2ms | Allocations: 4053)


Started GET "/" for ::1 at 2023-10-04 12:41:52 -0500
Started GET "/movies" for ::1 at 2023-10-04 12:41:52 -0500
Processing by MoviesController#index as HTML
  Rendering layout layouts/application.html.erb
  Rendering movies/index.html.haml within layouts/application
  [1m[36mMovie Load (0.1ms)[0m  [1m[34mSELECT "movies".* FROM "movies"[0m
  ↳ app/views/movies/index.html.haml:11
  Rendered movies/index.html.haml within layouts/application (Duration: 3.6ms | Allocations: 1310)
  Rendered layout layouts/application.html.erb (Duration: 8.9ms | Allocations: 3664)
Completed 200 OK in 10ms (Views: 9.2ms | ActiveRecord: 0.4ms | Allocations: 3998)


Started GET "/movies" for 127.0.0.1 at 2023-10-04 16:49:10 -0500
  [1m[36mActiveRecord::SchemaMigration Pluck (0.3ms)[0m  [1m[34mSELECT "schema_migrations"."version" FROM "schema_migrations" ORDER BY "schema_migrations"."version" ASC[0m
Processing by MoviesController#index as HTML
  Rendering layout layouts/application.html.haml
  Rendering movies/index.html.haml within layouts/application
  [1m[36mMovie Load (30.7ms)[0m  [1m[34mSELECT "movies".* FROM "movies"[0m
  ↳ app/views/movies/index.html.haml:11
  Rendered movies/index.html.haml within layouts/application (Duration: 142.6ms | Allocations: 31432)
  Rendered layout layouts/application.html.haml (Duration: 1070.2ms | Allocations: 58304)
Completed 200 OK in 1542ms (Views: 1050.6ms | ActiveRecord: 31.7ms | Allocations: 65636)


Started GET "/" for 127.0.0.1 at 2023-10-04 16:50:56 -0500
  [1m[36mActiveRecord::SchemaMigration Pluck (0.1ms)[0m  [1m[34mSELECT "schema_migrations"."version" FROM "schema_migrations" ORDER BY "schema_migrations"."version" ASC[0m
Started GET "/movies" for 127.0.0.1 at 2023-10-04 16:50:56 -0500
Processing by MoviesController#index as HTML
  Rendering layout layouts/application.html.haml
  Rendering movies/index.html.haml within layouts/application
  [1m[36mMovie Load (0.2ms)[0m  [1m[34mSELECT "movies".* FROM "movies"[0m
  ↳ app/views/movies/index.html.haml:11
  Rendered movies/index.html.haml within layouts/application (Duration: 25.0ms | Allocations: 31415)
  Rendered layout layouts/application.html.haml (Duration: 88.5ms | Allocations: 58435)
Completed 200 OK in 98ms (Views: 90.2ms | ActiveRecord: 0.6ms | Allocations: 65756)


  [1m[36mTRANSACTION (0.1ms)[0m  [1m[36mbegin transaction[0m
  [1m[36mMovie Create (0.2ms)[0m  [1m[32mINSERT INTO "movies" ("title", "rating", "description", "release_date", "created_at", "updated_at") VALUES (?, ?, ?, ?, ?, ?)[0m  [["title", "Star Wars"], ["rating", "PG"], ["description", nil], ["release_date", "1977-04-25 00:00:00"], ["created_at", "2023-10-09 15:30:05.667379"], ["updated_at", "2023-10-09 15:30:05.667379"]]
  [1m[36mTRANSACTION (96.7ms)[0m  [1m[36mcommit transaction[0m
  [1m[36mTRANSACTION (0.1ms)[0m  [1m[36mbegin transaction[0m
  [1m[36mMovie Create (0.3ms)[0m  [1m[32mINSERT INTO "movies" ("title", "rating", "description", "release_date", "created_at", "updated_at") VALUES (?, ?, ?, ?, ?, ?)[0m  [["title", "Requiem for a Dream"], ["rating", "R"], ["description", nil], ["release_date", "2000-10-27 00:00:00"], ["created_at", "2023-10-09 15:30:40.693977"], ["updated_at", "2023-10-09 15:30:40.693977"]]
  [1m[36mTRANSACTION (67.6ms)[0m  [1m[36mcommit transaction[0m
  [1m[36mMovie Load (0.4ms)[0m  [1m[34mSELECT "movies".* FROM "movies"[0m
  [1m[36mMovie Load (0.6ms)[0m  [1m[34mSELECT "movies".* FROM "movies"[0m
  [1m[36mMovie Load (0.6ms)[0m  [1m[34mSELECT "movies".* FROM "movies" WHERE (rating = 'PG')[0m
  [1m[36mMovie Load (0.3ms)[0m  [1m[34mSELECT "movies".* FROM "movies" WHERE (release_date < 'Jan 1, 2000' and rating = 'PG')[0m
  [1m[36mMovie Load (0.3ms)[0m  [1m[34mSELECT "movies".* FROM "movies" WHERE (release_date < 'Jan 1, 2000' and rating = 'PG')[0m
  [1m[36mActiveRecord::SchemaMigration Pluck (0.1ms)[0m  [1m[34mSELECT "schema_migrations"."version" FROM "schema_migrations" ORDER BY "schema_migrations"."version" ASC[0m
  [1m[36mTRANSACTION (0.1ms)[0m  [1m[36mbegin transaction[0m
  [1m[36mMovie Create (0.3ms)[0m  [1m[32mINSERT INTO "movies" ("title", "rating", "description", "release_date", "created_at", "updated_at") VALUES (?, ?, ?, ?, ?, ?)[0m  [["title", "Aladdin"], ["rating", "G"], ["description", nil], ["release_date", "1992-11-25 00:00:00"], ["created_at", "2023-10-09 15:48:23.129295"], ["updated_at", "2023-10-09 15:48:23.129295"]]
  [1m[36mTRANSACTION (93.2ms)[0m  [1m[36mcommit transaction[0m
  [1m[36mTRANSACTION (0.1ms)[0m  [1m[36mbegin transaction[0m
  [1m[36mMovie Create (0.3ms)[0m  [1m[32mINSERT INTO "movies" ("title", "rating", "description", "release_date", "created_at", "updated_at") VALUES (?, ?, ?, ?, ?, ?)[0m  [["title", "When Harry Met Sally"], ["rating", "R"], ["description", nil], ["release_date", "1989-07-21 00:00:00"], ["created_at", "2023-10-09 15:48:23.228574"], ["updated_at", "2023-10-09 15:48:23.228574"]]
  [1m[36mTRANSACTION (61.5ms)[0m  [1m[36mcommit transaction[0m
  [1m[36mTRANSACTION (0.1ms)[0m  [1m[36mbegin transaction[0m
  [1m[36mMovie Create (0.3ms)[0m  [1m[32mINSERT INTO "movies" ("title", "rating", "description", "release_date", "created_at", "updated_at") VALUES (?, ?, ?, ?, ?, ?)[0m  [["title", "The Help"], ["rating", "PG-13"], ["description", nil], ["release_date", "2011-08-10 00:00:00"], ["created_at", "2023-10-09 15:48:23.296018"], ["updated_at", "2023-10-09 15:48:23.296018"]]
  [1m[36mTRANSACTION (61.5ms)[0m  [1m[36mcommit transaction[0m
  [1m[36mTRANSACTION (0.2ms)[0m  [1m[36mbegin transaction[0m
  [1m[36mMovie Create (0.9ms)[0m  [1m[32mINSERT INTO "movies" ("title", "rating", "description", "release_date", "created_at", "updated_at") VALUES (?, ?, ?, ?, ?, ?)[0m  [["title", "Raiders of the Lost Ark"], ["rating", "PG"], ["description", nil], ["release_date", "1981-06-12 00:00:00"], ["created_at", "2023-10-09 15:48:23.365859"], ["updated_at", "2023-10-09 15:48:23.365859"]]
  [1m[36mTRANSACTION (62.5ms)[0m  [1m[36mcommit transaction[0m
  [1m[36mMovie Load (0.2ms)[0m  [1m[34mSELECT "movies".* FROM "movies"[0m
  [1m[36mActiveRecord::SchemaMigration Pluck (0.1ms)[0m  [1m[34mSELECT "schema_migrations"."version" FROM "schema_migrations" ORDER BY "schema_migrations"."version" ASC[0m
  [1m[36mTRANSACTION (0.1ms)[0m  [1m[36mbegin transaction[0m
  [1m[36mMovie Create (0.2ms)[0m  [1m[32mINSERT INTO "movies" ("title", "rating", "description", "release_date", "created_at", "updated_at") VALUES (?, ?, ?, ?, ?, ?)[0m  [["title", "Aladdin"], ["rating", "G"], ["description", nil], ["release_date", "1992-11-25 00:00:00"], ["created_at", "2023-10-09 15:52:57.901601"], ["updated_at", "2023-10-09 15:52:57.901601"]]
  [1m[36mTRANSACTION (69.9ms)[0m  [1m[36mcommit transaction[0m
  [1m[36mTRANSACTION (0.1ms)[0m  [1m[36mbegin transaction[0m
  [1m[36mMovie Create (0.3ms)[0m  [1m[32mINSERT INTO "movies" ("title", "rating", "description", "release_date", "created_at", "updated_at") VALUES (?, ?, ?, ?, ?, ?)[0m  [["title", "When Harry Met Sally"], ["rating", "R"], ["description", nil], ["release_date", "1989-07-21 00:00:00"], ["created_at", "2023-10-09 15:52:57.997030"], ["updated_at", "2023-10-09 15:52:57.997030"]]
  [1m[36mTRANSACTION (71.8ms)[0m  [1m[36mcommit transaction[0m
  [1m[36mTRANSACTION (0.1ms)[0m  [1m[36mbegin transaction[0m
  [1m[36mMovie Create (0.3ms)[0m  [1m[32mINSERT INTO "movies" ("title", "rating", "description", "release_date", "created_at", "updated_at") VALUES (?, ?, ?, ?, ?, ?)[0m  [["title", "The Help"], ["rating", "PG-13"], ["description", nil], ["release_date", "2011-08-10 00:00:00"], ["created_at", "2023-10-09 15:52:58.121136"], ["updated_at", "2023-10-09 15:52:58.121136"]]
  [1m[36mTRANSACTION (71.4ms)[0m  [1m[36mcommit transaction[0m
  [1m[36mTRANSACTION (0.1ms)[0m  [1m[36mbegin transaction[0m
  [1m[36mMovie Create (0.2ms)[0m  [1m[32mINSERT INTO "movies" ("title", "rating", "description", "release_date", "created_at", "updated_at") VALUES (?, ?, ?, ?, ?, ?)[0m  [["title", "Raiders of the Lost Ark"], ["rating", "PG"], ["description", nil], ["release_date", "1981-06-12 00:00:00"], ["created_at", "2023-10-09 15:52:58.197703"], ["updated_at", "2023-10-09 15:52:58.197703"]]
  [1m[36mTRANSACTION (63.7ms)[0m  [1m[36mcommit transaction[0m
  [1m[36mMovie Load (0.6ms)[0m  [1m[34mSELECT "movies".* FROM "movies"[0m
Started GET "/" for 127.0.0.1 at 2023-10-09 11:54:01 -0500
  [1m[36mActiveRecord::SchemaMigration Pluck (0.1ms)[0m  [1m[34mSELECT "schema_migrations"."version" FROM "schema_migrations" ORDER BY "schema_migrations"."version" ASC[0m
Started GET "/movies" for 127.0.0.1 at 2023-10-09 11:54:01 -0500
Processing by MoviesController#index as HTML
  Rendering layout layouts/application.html.haml
  Rendering movies/index.html.haml within layouts/application
  [1m[36mMovie Load (0.2ms)[0m  [1m[34mSELECT "movies".* FROM "movies"[0m
  ↳ app/views/movies/index.html.haml:15
  Rendered movies/index.html.haml within layouts/application (Duration: 62.7ms | Allocations: 32546)
  Rendered layout layouts/application.html.haml (Duration: 334.2ms | Allocations: 59711)
Completed 200 OK in 390ms (Views: 344.5ms | ActiveRecord: 0.8ms | Allocations: 67032)


Started GET "/movies/1" for 127.0.0.1 at 2023-10-09 11:55:52 -0500
Processing by MoviesController#show as HTML
  Parameters: {"id"=>"1"}
  Rendering layout layouts/application.html.haml
  Rendering movies/show.html.haml within layouts/application
  Rendered movies/show.html.haml within layouts/application (Duration: 2.6ms | Allocations: 1745)
  Rendered layout layouts/application.html.haml (Duration: 6.7ms | Allocations: 4413)
Completed 200 OK in 8ms (Views: 7.2ms | ActiveRecord: 0.0ms | Allocations: 4760)


  [1m[36mActiveRecord::SchemaMigration Pluck (0.5ms)[0m  [1m[34mSELECT "schema_migrations"."version" FROM "schema_migrations" ORDER BY "schema_migrations"."version" ASC[0m
  [1m[36mTRANSACTION (0.2ms)[0m  [1m[36mbegin transaction[0m
  [1m[36mMovie Create (44.4ms)[0m  [1m[32mINSERT INTO "movies" ("title", "rating", "description", "release_date", "created_at", "updated_at") VALUES (?, ?, ?, ?, ?, ?)[0m  [["title", "Aladdin"], ["rating", "G"], ["description", nil], ["release_date", "1992-11-25 00:00:00"], ["created_at", "2023-10-30 22:32:03.711667"], ["updated_at", "2023-10-30 22:32:03.711667"]]
  [1m[36mTRANSACTION (95.5ms)[0m  [1m[36mcommit transaction[0m
  [1m[36mTRANSACTION (0.3ms)[0m  [1m[36mbegin transaction[0m
  [1m[36mMovie Create (0.3ms)[0m  [1m[32mINSERT INTO "movies" ("title", "rating", "description", "release_date", "created_at", "updated_at") VALUES (?, ?, ?, ?, ?, ?)[0m  [["title", "When Harry Met Sally"], ["rating", "R"], ["description", nil], ["release_date", "1989-07-21 00:00:00"], ["created_at", "2023-10-30 22:32:03.864173"], ["updated_at", "2023-10-30 22:32:03.864173"]]
  [1m[36mTRANSACTION (82.1ms)[0m  [1m[36mcommit transaction[0m
  [1m[36mTRANSACTION (0.2ms)[0m  [1m[36mbegin transaction[0m
  [1m[36mMovie Create (0.7ms)[0m  [1m[32mINSERT INTO "movies" ("title", "rating", "description", "release_date", "created_at", "updated_at") VALUES (?, ?, ?, ?, ?, ?)[0m  [["title", "The Help"], ["rating", "PG-13"], ["description", nil], ["release_date", "2011-08-10 00:00:00"], ["created_at", "2023-10-30 22:32:03.976690"], ["updated_at", "2023-10-30 22:32:03.976690"]]
  [1m[36mTRANSACTION (79.4ms)[0m  [1m[36mcommit transaction[0m
  [1m[36mTRANSACTION (0.2ms)[0m  [1m[36mbegin transaction[0m
  [1m[36mMovie Create (0.7ms)[0m  [1m[32mINSERT INTO "movies" ("title", "rating", "description", "release_date", "created_at", "updated_at") VALUES (?, ?, ?, ?, ?, ?)[0m  [["title", "Raiders of the Lost Ark"], ["rating", "PG"], ["description", nil], ["release_date", "1981-06-12 00:00:00"], ["created_at", "2023-10-30 22:32:04.065245"], ["updated_at", "2023-10-30 22:32:04.065245"]]
  [1m[36mTRANSACTION (77.4ms)[0m  [1m[36mcommit transaction[0m
Started GET "/" for 127.0.0.1 at 2023-10-30 17:47:27 -0500
  [1m[36mActiveRecord::SchemaMigration Pluck (0.2ms)[0m  [1m[34mSELECT "schema_migrations"."version" FROM "schema_migrations" ORDER BY "schema_migrations"."version" ASC[0m
Started GET "/movies" for 127.0.0.1 at 2023-10-30 17:47:27 -0500
Processing by MoviesController#index as HTML
  Rendering layout layouts/application.html.haml
  Rendering movies/index.html.haml within layouts/application
  [1m[36mMovie Load (0.2ms)[0m  [1m[34mSELECT "movies".* FROM "movies"[0m
  ↳ app/views/movies/index.html.haml:15
  Rendered movies/index.html.haml within layouts/application (Duration: 60.4ms | Allocations: 32812)
  Rendered layout layouts/application.html.haml (Duration: 440.4ms | Allocations: 61078)
Completed 200 OK in 454ms (Views: 443.5ms | ActiveRecord: 0.7ms | Allocations: 68399)


Started GET "/movies" for 127.0.0.1 at 2023-10-30 17:49:25 -0500
Processing by MoviesController#index as HTML
  Rendering layout layouts/application.html.haml
  Rendering movies/index.html.haml within layouts/application
  [1m[36mMovie Load (0.2ms)[0m  [1m[34mSELECT "movies".* FROM "movies"[0m
  ↳ app/views/movies/index.html.haml:15
  Rendered movies/index.html.haml within layouts/application (Duration: 7.8ms | Allocations: 2118)
  Rendered layout layouts/application.html.haml (Duration: 37.5ms | Allocations: 6409)
Completed 200 OK in 40ms (Views: 39.6ms | ActiveRecord: 0.2ms | Allocations: 6783)


Started GET "/" for 127.0.0.1 at 2023-10-30 18:51:38 -0500
  [1m[36mActiveRecord::SchemaMigration Pluck (0.1ms)[0m  [1m[34mSELECT "schema_migrations"."version" FROM "schema_migrations" ORDER BY "schema_migrations"."version" ASC[0m
Started GET "/movies" for 127.0.0.1 at 2023-10-30 18:51:38 -0500
Processing by MoviesController#index as HTML
  Rendering layout layouts/application.html.haml
  Rendering movies/index.html.haml within layouts/application
  [1m[36mMovie Load (0.3ms)[0m  [1m[34mSELECT "movies".* FROM "movies"[0m
  ↳ app/views/movies/index.html.haml:15
  Rendered movies/index.html.haml within layouts/application (Duration: 36.2ms | Allocations: 32808)
  Rendered layout layouts/application.html.haml (Duration: 223.6ms | Allocations: 65002)
Completed 200 OK in 237ms (Views: 227.7ms | ActiveRecord: 0.9ms | Allocations: 72322)


Started GET "/movies" for 127.0.0.1 at 2023-10-30 18:53:56 -0500
Processing by MoviesController#index as HTML
  Rendering layout layouts/application.html.haml
  Rendering movies/index.html.haml within layouts/application
  [1m[36mMovie Load (0.1ms)[0m  [1m[34mSELECT "movies".* FROM "movies"[0m
  ↳ app/views/movies/index.html.haml:15
  Rendered movies/index.html.haml within layouts/application (Duration: 8.0ms | Allocations: 4580)
  Rendered layout layouts/application.html.haml (Duration: 11.9ms | Allocations: 7436)
Completed 200 OK in 15ms (Views: 12.3ms | ActiveRecord: 1.1ms | Allocations: 8760)


Started GET "/movies/new" for 127.0.0.1 at 2023-10-30 18:56:19 -0500
Processing by MoviesController#new as HTML
  Rendering layout layouts/application.html.haml
  Rendering movies/new.html.haml within layouts/application
  Rendered movies/new.html.haml within layouts/application (Duration: 52.5ms | Allocations: 14843)
  Rendered layout layouts/application.html.haml (Duration: 56.6ms | Allocations: 17434)
Completed 200 OK in 58ms (Views: 57.4ms | ActiveRecord: 0.0ms | Allocations: 17863)


Started POST "/movies" for 127.0.0.1 at 2023-10-30 18:56:32 -0500
Processing by MoviesController#create as HTML
  Parameters: {"authenticity_token"=>"[FILTERED]", "movie"=>{"title"=>"Rambo", "rating"=>"R", "release_date(1i)"=>"2023", "release_date(2i)"=>"10", "release_date(3i)"=>"30"}, "commit"=>"Save Changes"}
Completed 500 Internal Server Error in 1ms (ActiveRecord: 0.0ms | Allocations: 921)


  
ActiveModel::ForbiddenAttributesError (ActiveModel::ForbiddenAttributesError):
  
app/controllers/movies_controller.rb:16:in `create'
Started GET "/movies" for 127.0.0.1 at 2023-10-30 18:59:47 -0500
Processing by MoviesController#index as HTML
  Rendering layout layouts/application.html.haml
  Rendering movies/index.html.haml within layouts/application
  [1m[36mMovie Load (0.1ms)[0m  [1m[34mSELECT "movies".* FROM "movies"[0m
  ↳ app/views/movies/index.html.haml:15
  Rendered movies/index.html.haml within layouts/application (Duration: 4.4ms | Allocations: 2349)
  Rendered layout layouts/application.html.haml (Duration: 12.7ms | Allocations: 6662)
Completed 200 OK in 14ms (Views: 12.8ms | ActiveRecord: 0.6ms | Allocations: 7026)


Started GET "/movies/new" for 127.0.0.1 at 2023-10-30 18:59:49 -0500
Processing by MoviesController#new as HTML
  Rendering layout layouts/application.html.haml
  Rendering movies/new.html.haml within layouts/application
  Rendered movies/new.html.haml within layouts/application (Duration: 2.2ms | Allocations: 2377)
  Rendered layout layouts/application.html.haml (Duration: 6.0ms | Allocations: 4842)
Completed 200 OK in 7ms (Views: 6.5ms | ActiveRecord: 0.0ms | Allocations: 5160)


Started POST "/movies" for 127.0.0.1 at 2023-10-30 18:59:54 -0500
Processing by MoviesController#create as HTML
  Parameters: {"authenticity_token"=>"[FILTERED]", "movie"=>{"title"=>"Rambo", "rating"=>"G", "release_date(1i)"=>"2023", "release_date(2i)"=>"10", "release_date(3i)"=>"30"}, "commit"=>"Save Changes"}
Completed 500 Internal Server Error in 2ms (ActiveRecord: 0.0ms | Allocations: 768)


  
ActiveModel::ForbiddenAttributesError (ActiveModel::ForbiddenAttributesError):
  
app/controllers/movies_controller.rb:16:in `create'
Started POST "/movies" for 127.0.0.1 at 2023-10-30 19:09:23 -0500
Processing by MoviesController#create as HTML
  Parameters: {"authenticity_token"=>"[FILTERED]", "movie"=>{"title"=>"Rambo", "rating"=>"G", "release_date(1i)"=>"2023", "release_date(2i)"=>"10", "release_date(3i)"=>"30"}, "commit"=>"Save Changes"}
Completed 500 Internal Server Error in 1ms (ActiveRecord: 0.0ms | Allocations: 740)


  
ActiveModel::ForbiddenAttributesError (ActiveModel::ForbiddenAttributesError):
  
app/controllers/movies_controller.rb:16:in `create'
Started POST "/movies" for 127.0.0.1 at 2023-10-30 19:09:32 -0500
Processing by MoviesController#create as HTML
  Parameters: {"authenticity_token"=>"[FILTERED]", "movie"=>{"title"=>"Rambo", "rating"=>"G", "release_date(1i)"=>"2023", "release_date(2i)"=>"10", "release_date(3i)"=>"30"}, "commit"=>"Save Changes"}
Completed 500 Internal Server Error in 1ms (ActiveRecord: 0.0ms | Allocations: 740)


  
ActiveModel::ForbiddenAttributesError (ActiveModel::ForbiddenAttributesError):
  
app/controllers/movies_controller.rb:16:in `create'
Started GET "/movies" for 127.0.0.1 at 2023-10-30 19:23:44 -0500
Processing by MoviesController#index as HTML
  Rendering layout layouts/application.html.haml
  Rendering movies/index.html.haml within layouts/application
  [1m[36mMovie Load (0.3ms)[0m  [1m[34mSELECT "movies".* FROM "movies"[0m
  ↳ app/views/movies/index.html.haml:15
  Rendered movies/index.html.haml within layouts/application (Duration: 17.5ms | Allocations: 8240)
  Rendered layout layouts/application.html.haml (Duration: 22.1ms | Allocations: 11442)
Completed 500 Internal Server Error in 27ms (ActiveRecord: 0.8ms | Allocations: 12608)


  
ActionView::Template::Error (Got "elsif" with no preceding "if"):
    10:     #main
    11:     - if flash[:notice]
    12:     #notice.message= flash[:notice]
    13:     - elsif flash[:warning]
    14:   # warning.message= flash[:warning]
    15:       = yield
  
app/views/layouts/application.html.haml:13
Started GET "/movies" for 127.0.0.1 at 2023-10-30 19:24:42 -0500
Processing by MoviesController#index as HTML
  Rendering layout layouts/application.html.haml
  Rendering movies/index.html.haml within layouts/application
  [1m[36mMovie Load (0.3ms)[0m  [1m[34mSELECT "movies".* FROM "movies"[0m
  ↳ app/views/movies/index.html.haml:15
  Rendered movies/index.html.haml within layouts/application (Duration: 66.2ms | Allocations: 8056)
  Rendered layout layouts/application.html.haml (Duration: 71.6ms | Allocations: 11232)
Completed 500 Internal Server Error in 79ms (ActiveRecord: 0.3ms | Allocations: 12402)


  
ActionView::Template::Error (Got "elsif" with no preceding "if"):
    10:     #main
    11:     - if flash[:notice]
    12:     #notice.message= flash[:notice]
    13:     - elsif flash[:warning]
    14:     # warning.message= flash[:warning]
    15:       = yield
  
app/views/layouts/application.html.haml:13
Started GET "/movies" for 127.0.0.1 at 2023-10-30 19:25:11 -0500
Processing by MoviesController#index as HTML
  Rendering layout layouts/application.html.haml
  Rendering movies/index.html.haml within layouts/application
  [1m[36mMovie Load (0.2ms)[0m  [1m[34mSELECT "movies".* FROM "movies"[0m
  ↳ app/views/movies/index.html.haml:15
  Rendered movies/index.html.haml within layouts/application (Duration: 10.6ms | Allocations: 8056)
  Rendered layout layouts/application.html.haml (Duration: 15.4ms | Allocations: 11329)
Completed 500 Internal Server Error in 18ms (ActiveRecord: 0.2ms | Allocations: 12499)


  
ActionView::Template::Error (Illegal element: classes and ids must have values.):
    12:     #notice.message= flash[:notice]
    13:   - elsif flash[:warning]
    14:     # warning.message= flash[:warning]
    15:       = yield
  
app/views/layouts/application.html.haml:15
Started GET "/movies" for 127.0.0.1 at 2023-10-30 19:26:18 -0500
Processing by MoviesController#index as HTML
  Rendering layout layouts/application.html.haml
  Rendering movies/index.html.haml within layouts/application
  [1m[36mMovie Load (0.1ms)[0m  [1m[34mSELECT "movies".* FROM "movies"[0m
  ↳ app/views/movies/index.html.haml:15
  Rendered movies/index.html.haml within layouts/application (Duration: 7.0ms | Allocations: 4585)
  Rendered layout layouts/application.html.haml (Duration: 7.5ms | Allocations: 5505)
Completed 500 Internal Server Error in 11ms (ActiveRecord: 1.0ms | Allocations: 6789)


  
ActionView::Template::Error (Illegal element: classes and ids must have values.):
    12:     #notice.message= flash[:notice]
    13:   - elsif flash[:warning]
    14:     # warning.message= flash[:warning]
    15:       = yield
  
app/views/layouts/application.html.haml:15
Started GET "/movies" for 127.0.0.1 at 2023-10-30 19:26:59 -0500
Processing by MoviesController#index as HTML
  Rendering layout layouts/application.html.haml
  Rendering movies/index.html.haml within layouts/application
  [1m[36mMovie Load (0.2ms)[0m  [1m[34mSELECT "movies".* FROM "movies"[0m
  ↳ app/views/movies/index.html.haml:15
  Rendered movies/index.html.haml within layouts/application (Duration: 11.8ms | Allocations: 8044)
  Rendered layout layouts/application.html.haml (Duration: 16.0ms | Allocations: 11314)
Completed 500 Internal Server Error in 18ms (ActiveRecord: 0.2ms | Allocations: 12484)


  
ActionView::Template::Error (Illegal element: classes and ids must have values.):
    12:     #notice.message= flash[:notice]
    13:   - elsif flash[:warning]
    14:     # warning.message= flash[:warning]
    15:     = yield
  
app/views/layouts/application.html.haml:15
Started GET "/movies" for 127.0.0.1 at 2023-10-30 19:27:09 -0500
Processing by MoviesController#index as HTML
  Rendering layout layouts/application.html.haml
  Rendering movies/index.html.haml within layouts/application
  [1m[36mMovie Load (0.2ms)[0m  [1m[34mSELECT "movies".* FROM "movies"[0m
  ↳ app/views/movies/index.html.haml:15
  Rendered movies/index.html.haml within layouts/application (Duration: 13.6ms | Allocations: 8043)
  Rendered layout layouts/application.html.haml (Duration: 17.2ms | Allocations: 11313)
Completed 500 Internal Server Error in 20ms (ActiveRecord: 0.2ms | Allocations: 12483)


  
ActionView::Template::Error (Illegal element: classes and ids must have values.):
    12:     #notice.message= flash[:notice]
    13:   - elsif flash[:warning]
    14:     # warning.message= flash[:warning]
    15:   = yield
  
app/views/layouts/application.html.haml:15
Started GET "/movies" for 127.0.0.1 at 2023-10-30 19:27:10 -0500
Processing by MoviesController#index as HTML
  Rendering layout layouts/application.html.haml
  Rendering movies/index.html.haml within layouts/application
  [1m[36mMovie Load (0.2ms)[0m  [1m[34mSELECT "movies".* FROM "movies"[0m
  ↳ app/views/movies/index.html.haml:15
  Rendered movies/index.html.haml within layouts/application (Duration: 5.0ms | Allocations: 2048)
  Rendered layout layouts/application.html.haml (Duration: 5.6ms | Allocations: 3007)
Completed 500 Internal Server Error in 6ms (ActiveRecord: 0.2ms | Allocations: 3320)


  
ActionView::Template::Error (Illegal element: classes and ids must have values.):
    12:     #notice.message= flash[:notice]
    13:   - elsif flash[:warning]
    14:     # warning.message= flash[:warning]
    15:   = yield
  
app/views/layouts/application.html.haml:15
Started GET "/movies" for 127.0.0.1 at 2023-10-30 19:27:11 -0500
Processing by MoviesController#index as HTML
  Rendering layout layouts/application.html.haml
  Rendering movies/index.html.haml within layouts/application
  [1m[36mMovie Load (0.3ms)[0m  [1m[34mSELECT "movies".* FROM "movies"[0m
  ↳ app/views/movies/index.html.haml:15
  Rendered movies/index.html.haml within layouts/application (Duration: 4.9ms | Allocations: 2047)
  Rendered layout layouts/application.html.haml (Duration: 5.5ms | Allocations: 3006)
Completed 500 Internal Server Error in 7ms (ActiveRecord: 0.3ms | Allocations: 3299)


  
ActionView::Template::Error (Illegal element: classes and ids must have values.):
    12:     #notice.message= flash[:notice]
    13:   - elsif flash[:warning]
    14:     # warning.message= flash[:warning]
    15:   = yield
  
app/views/layouts/application.html.haml:15
Started GET "/movies" for 127.0.0.1 at 2023-10-30 19:27:12 -0500
Processing by MoviesController#index as HTML
  Rendering layout layouts/application.html.haml
  Rendering movies/index.html.haml within layouts/application
  [1m[36mMovie Load (0.2ms)[0m  [1m[34mSELECT "movies".* FROM "movies"[0m
  ↳ app/views/movies/index.html.haml:15
  Rendered movies/index.html.haml within layouts/application (Duration: 3.9ms | Allocations: 2048)
  Rendered layout layouts/application.html.haml (Duration: 4.5ms | Allocations: 3007)
Completed 500 Internal Server Error in 6ms (ActiveRecord: 0.2ms | Allocations: 3300)


  
ActionView::Template::Error (Illegal element: classes and ids must have values.):
    12:     #notice.message= flash[:notice]
    13:   - elsif flash[:warning]
    14:     # warning.message= flash[:warning]
    15:   = yield
  
app/views/layouts/application.html.haml:15
Started GET "/movies" for 127.0.0.1 at 2023-10-30 19:34:23 -0500
Processing by MoviesController#index as HTML
  Rendering layout layouts/application.html.haml
  Rendering movies/index.html.haml within layouts/application
  [1m[36mMovie Load (0.2ms)[0m  [1m[34mSELECT "movies".* FROM "movies"[0m
  ↳ app/views/movies/index.html.haml:15
  Rendered movies/index.html.haml within layouts/application (Duration: 23.2ms | Allocations: 8226)
  Rendered layout layouts/application.html.haml (Duration: 29.9ms | Allocations: 11449)
Completed 500 Internal Server Error in 36ms (ActiveRecord: 0.6ms | Allocations: 12599)


  
ActionView::Template::Error (Illegal element: classes and ids must have values.):
    12:     #notice.message= flash[:notice]
    13:     elsif flash[:warning]
    14:     # warning.message= flash[:warning]
    15:     = yield
  
app/views/layouts/application.html.haml:15
Started GET "/movies" for 127.0.0.1 at 2023-10-30 19:34:44 -0500
Processing by MoviesController#index as HTML
  Rendering layout layouts/application.html.haml
  Rendering movies/index.html.haml within layouts/application
  [1m[36mMovie Load (0.2ms)[0m  [1m[34mSELECT "movies".* FROM "movies"[0m
  ↳ app/views/movies/index.html.haml:15
  Rendered movies/index.html.haml within layouts/application (Duration: 13.5ms | Allocations: 8043)
  Rendered layout layouts/application.html.haml (Duration: 25.8ms | Allocations: 14672)
Completed 200 OK in 31ms (Views: 29.5ms | ActiveRecord: 0.2ms | Allocations: 15880)


Started GET "/movies/new" for 127.0.0.1 at 2023-10-30 19:37:19 -0500
Processing by MoviesController#new as HTML
  Rendering layout layouts/application.html.haml
  Rendering movies/new.html.haml within layouts/application
  Rendered movies/new.html.haml within layouts/application (Duration: 12.2ms | Allocations: 7441)
  Rendered layout layouts/application.html.haml (Duration: 15.6ms | Allocations: 10077)
Completed 200 OK in 17ms (Views: 16.8ms | ActiveRecord: 0.0ms | Allocations: 11002)


Started POST "/movies" for 127.0.0.1 at 2023-10-30 19:37:33 -0500
Processing by MoviesController#create as HTML
  Parameters: {"authenticity_token"=>"[FILTERED]", "movie"=>{"title"=>"Naruto", "rating"=>"G", "release_date(1i)"=>"2020", "release_date(2i)"=>"10", "release_date(3i)"=>"16"}, "commit"=>"Save Changes"}
Completed 500 Internal Server Error in 28ms (ActiveRecord: 7.7ms | Allocations: 3501)


  
ActiveModel::ForbiddenAttributesError (ActiveModel::ForbiddenAttributesError):
  
app/controllers/movies_controller.rb:16:in `create'
Started POST "/movies" for 127.0.0.1 at 2023-10-30 19:40:33 -0500
Processing by MoviesController#create as HTML
  Parameters: {"authenticity_token"=>"[FILTERED]", "movie"=>{"title"=>"Naruto", "rating"=>"G", "release_date(1i)"=>"2020", "release_date(2i)"=>"10", "release_date(3i)"=>"16"}, "commit"=>"Save Changes"}
Completed 500 Internal Server Error in 3ms (ActiveRecord: 0.0ms | Allocations: 796)


  
ActiveModel::ForbiddenAttributesError (ActiveModel::ForbiddenAttributesError):
  
app/controllers/movies_controller.rb:16:in `create'
Started POST "/movies" for 127.0.0.1 at 2023-10-30 19:40:38 -0500
Processing by MoviesController#create as HTML
  Parameters: {"authenticity_token"=>"[FILTERED]", "movie"=>{"title"=>"Naruto", "rating"=>"G", "release_date(1i)"=>"2020", "release_date(2i)"=>"10", "release_date(3i)"=>"16"}, "commit"=>"Save Changes"}
Completed 500 Internal Server Error in 4ms (ActiveRecord: 0.0ms | Allocations: 728)


  
ActiveModel::ForbiddenAttributesError (ActiveModel::ForbiddenAttributesError):
  
app/controllers/movies_controller.rb:16:in `create'
Started GET "/" for 127.0.0.1 at 2023-10-30 19:45:05 -0500
  [1m[36mActiveRecord::SchemaMigration Pluck (0.1ms)[0m  [1m[34mSELECT "schema_migrations"."version" FROM "schema_migrations" ORDER BY "schema_migrations"."version" ASC[0m
Started GET "/movies" for 127.0.0.1 at 2023-10-30 19:45:05 -0500
Processing by MoviesController#index as HTML
  Rendering layout layouts/application.html.haml
  Rendering movies/index.html.haml within layouts/application
  [1m[36mMovie Load (0.3ms)[0m  [1m[34mSELECT "movies".* FROM "movies"[0m
  ↳ app/views/movies/index.html.haml:15
  Rendered movies/index.html.haml within layouts/application (Duration: 29.9ms | Allocations: 32808)
  Rendered layout layouts/application.html.haml (Duration: 108.8ms | Allocations: 60224)
Completed 200 OK in 119ms (Views: 111.0ms | ActiveRecord: 0.9ms | Allocations: 67545)


Started GET "/movies/new" for 127.0.0.1 at 2023-10-30 19:45:10 -0500
Processing by MoviesController#new as HTML
  Rendering layout layouts/application.html.haml
  Rendering movies/new.html.haml within layouts/application
  Rendered movies/new.html.haml within layouts/application (Duration: 10.1ms | Allocations: 8742)
  Rendered layout layouts/application.html.haml (Duration: 14.6ms | Allocations: 11334)
Completed 200 OK in 16ms (Views: 15.2ms | ActiveRecord: 0.0ms | Allocations: 11785)


Started POST "/movies" for 127.0.0.1 at 2023-10-30 19:45:13 -0500
Processing by MoviesController#create as HTML
  Parameters: {"authenticity_token"=>"[FILTERED]", "movie"=>{"title"=>"T", "rating"=>"G", "release_date(1i)"=>"2023", "release_date(2i)"=>"10", "release_date(3i)"=>"31"}, "commit"=>"Save Changes"}
Completed 500 Internal Server Error in 1ms (ActiveRecord: 0.0ms | Allocations: 914)


  
ActiveModel::ForbiddenAttributesError (ActiveModel::ForbiddenAttributesError):
  
app/controllers/movies_controller.rb:16:in `create'
Started POST "/movies" for 127.0.0.1 at 2023-10-30 20:22:13 -0500
Processing by MoviesController#create as HTML
  Parameters: {"authenticity_token"=>"[FILTERED]", "movie"=>{"title"=>"T", "rating"=>"G", "release_date(1i)"=>"2023", "release_date(2i)"=>"10", "release_date(3i)"=>"31"}, "commit"=>"Save Changes"}
  [1m[36mTRANSACTION (0.1ms)[0m  [1m[36mbegin transaction[0m
  ↳ app/controllers/movies_controller.rb:14:in `create'
  [1m[36mMovie Create (0.3ms)[0m  [1m[32mINSERT INTO "movies" ("title", "rating", "description", "release_date", "created_at", "updated_at") VALUES (?, ?, ?, ?, ?, ?)[0m  [["title", "T"], ["rating", "G"], ["description", nil], ["release_date", "2023-10-31 00:00:00"], ["created_at", "2023-10-31 01:22:13.195627"], ["updated_at", "2023-10-31 01:22:13.195627"]]
  ↳ app/controllers/movies_controller.rb:14:in `create'
  [1m[36mTRANSACTION (64.5ms)[0m  [1m[36mcommit transaction[0m
  ↳ app/controllers/movies_controller.rb:14:in `create'
Redirected to http://127.0.0.1:3000/movies
Completed 302 Found in 79ms (ActiveRecord: 65.2ms | Allocations: 6326)


Started GET "/movies" for 127.0.0.1 at 2023-10-30 20:22:13 -0500
Processing by MoviesController#index as HTML
  Rendering layout layouts/application.html.haml
  Rendering movies/index.html.haml within layouts/application
  [1m[36mMovie Load (0.2ms)[0m  [1m[34mSELECT "movies".* FROM "movies"[0m
  ↳ app/views/movies/index.html.haml:15
  Rendered movies/index.html.haml within layouts/application (Duration: 5.3ms | Allocations: 2390)
  Rendered layout layouts/application.html.haml (Duration: 11.2ms | Allocations: 5298)
Completed 200 OK in 14ms (Views: 13.3ms | ActiveRecord: 0.2ms | Allocations: 6179)


Started GET "/movies/new" for 127.0.0.1 at 2023-10-30 20:22:15 -0500
Processing by MoviesController#new as HTML
  Rendering layout layouts/application.html.haml
  Rendering movies/new.html.haml within layouts/application
  Rendered movies/new.html.haml within layouts/application (Duration: 3.4ms | Allocations: 2494)
  Rendered layout layouts/application.html.haml (Duration: 9.0ms | Allocations: 4960)
Completed 200 OK in 10ms (Views: 9.6ms | ActiveRecord: 0.0ms | Allocations: 5321)


Started POST "/movies" for 127.0.0.1 at 2023-10-30 20:22:20 -0500
Processing by MoviesController#create as HTML
  Parameters: {"authenticity_token"=>"[FILTERED]", "movie"=>{"title"=>"Ed", "rating"=>"G", "release_date(1i)"=>"2023", "release_date(2i)"=>"10", "release_date(3i)"=>"31"}, "commit"=>"Save Changes"}
  [1m[36mTRANSACTION (0.1ms)[0m  [1m[36mbegin transaction[0m
  ↳ app/controllers/movies_controller.rb:14:in `create'
  [1m[36mMovie Create (0.3ms)[0m  [1m[32mINSERT INTO "movies" ("title", "rating", "description", "release_date", "created_at", "updated_at") VALUES (?, ?, ?, ?, ?, ?)[0m  [["title", "Ed"], ["rating", "G"], ["description", nil], ["release_date", "2023-10-31 00:00:00"], ["created_at", "2023-10-31 01:22:20.876418"], ["updated_at", "2023-10-31 01:22:20.876418"]]
  ↳ app/controllers/movies_controller.rb:14:in `create'
  [1m[36mTRANSACTION (66.6ms)[0m  [1m[36mcommit transaction[0m
  ↳ app/controllers/movies_controller.rb:14:in `create'
Redirected to http://127.0.0.1:3000/movies
Completed 302 Found in 73ms (ActiveRecord: 66.9ms | Allocations: 2361)


Started GET "/movies" for 127.0.0.1 at 2023-10-30 20:22:20 -0500
Processing by MoviesController#index as HTML
  Rendering layout layouts/application.html.haml
  Rendering movies/index.html.haml within layouts/application
  [1m[36mMovie Load (0.2ms)[0m  [1m[34mSELECT "movies".* FROM "movies"[0m
  ↳ app/views/movies/index.html.haml:15
  Rendered movies/index.html.haml within layouts/application (Duration: 4.4ms | Allocations: 2178)
  Rendered layout layouts/application.html.haml (Duration: 9.9ms | Allocations: 4837)
Completed 200 OK in 11ms (Views: 10.5ms | ActiveRecord: 0.2ms | Allocations: 5165)


Started GET "/movies" for ::1 at 2023-11-16 16:45:25 -0500
  [1m[36mActiveRecord::SchemaMigration Pluck (0.1ms)[0m  [1m[34mSELECT "schema_migrations"."version" FROM "schema_migrations" ORDER BY "schema_migrations"."version" ASC[0m
Processing by MoviesController#index as HTML
  Rendering layout layouts/application.html.haml
  Rendering movies/index.html.haml within layouts/application
  [1m[36mMovie Load (0.2ms)[0m  [1m[34mSELECT "movies".* FROM "movies"[0m
  ↳ app/views/movies/index.html.haml:15
  Rendered movies/index.html.haml within layouts/application (Duration: 30.0ms | Allocations: 33302)
  Rendered layout layouts/application.html.haml (Duration: 296.8ms | Allocations: 130055)
Completed 200 OK in 316ms (Views: 300.1ms | ActiveRecord: 0.5ms | Allocations: 139864)


Started GET "/movies" for ::1 at 2023-11-16 17:02:02 -0500
  [1m[36mActiveRecord::SchemaMigration Pluck (0.1ms)[0m  [1m[34mSELECT "schema_migrations"."version" FROM "schema_migrations" ORDER BY "schema_migrations"."version" ASC[0m
Processing by MoviesController#index as HTML
  Rendering layout layouts/application.html.haml
  Rendering movies/index.html.haml within layouts/application
  [1m[36mMovie Load (0.3ms)[0m  [1m[34mSELECT "movies".* FROM "movies"[0m
  ↳ app/views/movies/index.html.haml:15
  Rendered movies/index.html.haml within layouts/application (Duration: 24.8ms | Allocations: 32959)
  Rendered layout layouts/application.html.haml (Duration: 95.0ms | Allocations: 60423)
Completed 200 OK in 110ms (Views: 98.3ms | ActiveRecord: 0.7ms | Allocations: 67749)


Started GET "/movies/new" for ::1 at 2023-11-16 17:02:04 -0500
Processing by MoviesController#new as HTML
  Rendering layout layouts/application.html.haml
  Rendering movies/new.html.haml within layouts/application
  Rendered movies/new.html.haml within layouts/application (Duration: 17.7ms | Allocations: 9384)
  Rendered layout layouts/application.html.haml (Duration: 22.2ms | Allocations: 11981)
Completed 200 OK in 24ms (Views: 22.7ms | ActiveRecord: 0.0ms | Allocations: 12499)


Started POST "/movies" for ::1 at 2023-11-16 17:02:13 -0500
Processing by MoviesController#create as HTML
  Parameters: {"authenticity_token"=>"[FILTERED]", "movie"=>{"title"=>"newasd", "rating"=>"R", "release_date(1i)"=>"2022", "release_date(2i)"=>"3", "release_date(3i)"=>"1"}, "commit"=>"Save Changes"}
  [1m[36mTRANSACTION (0.3ms)[0m  [1m[36mbegin transaction[0m
  ↳ app/controllers/movies_controller.rb:15:in `create'
  [1m[36mMovie Create (0.6ms)[0m  [1m[32mINSERT INTO "movies" ("title", "rating", "description", "release_date", "created_at", "updated_at") VALUES (?, ?, ?, ?, ?, ?)[0m  [["title", "newasd"], ["rating", "R"], ["description", nil], ["release_date", "2022-03-01 00:00:00"], ["created_at", "2023-11-16 22:02:13.674759"], ["updated_at", "2023-11-16 22:02:13.674759"]]
  ↳ app/controllers/movies_controller.rb:15:in `create'
  [1m[36mTRANSACTION (3.7ms)[0m  [1m[36mcommit transaction[0m
  ↳ app/controllers/movies_controller.rb:15:in `create'
Redirected to http://localhost:3000/movies
Completed 302 Found in 14ms (ActiveRecord: 4.6ms | Allocations: 4073)


Started GET "/movies" for ::1 at 2023-11-16 17:02:13 -0500
Processing by MoviesController#index as HTML
  Rendering layout layouts/application.html.haml
  Rendering movies/index.html.haml within layouts/application
  [1m[36mMovie Load (0.1ms)[0m  [1m[34mSELECT "movies".* FROM "movies"[0m
  ↳ app/views/movies/index.html.haml:15
  Rendered movies/index.html.haml within layouts/application (Duration: 3.3ms | Allocations: 2303)
  Rendered layout layouts/application.html.haml (Duration: 8.2ms | Allocations: 5073)
Completed 200 OK in 9ms (Views: 8.7ms | ActiveRecord: 0.1ms | Allocations: 5446)


Started GET "/movies" for ::1 at 2023-11-16 17:03:54 -0500
  [1m[36mActiveRecord::SchemaMigration Pluck (0.1ms)[0m  [1m[34mSELECT "schema_migrations"."version" FROM "schema_migrations" ORDER BY "schema_migrations"."version" ASC[0m
Processing by MoviesController#index as HTML
  Rendering layout layouts/application.html.haml
  Rendering movies/index.html.haml within layouts/application
  [1m[36mMovie Load (0.2ms)[0m  [1m[34mSELECT "movies".* FROM "movies"[0m
  ↳ app/views/movies/index.html.haml:15
  Rendered movies/index.html.haml within layouts/application (Duration: 22.8ms | Allocations: 33107)
  Rendered layout layouts/application.html.haml (Duration: 315.5ms | Allocations: 132757)
Completed 200 OK in 326ms (Views: 318.5ms | ActiveRecord: 0.8ms | Allocations: 140081)


Started GET "/movies/2" for ::1 at 2023-11-16 17:04:00 -0500
Processing by MoviesController#show as HTML
  Parameters: {"id"=>"2"}
Completed 500 Internal Server Error in 186409ms (ActiveRecord: 0.0ms | Allocations: 112625)


  
SystemExit (exit):
  
(byebug):1:in `exit'
(byebug):1:in `show'
app/controllers/movies_controller.rb:8:in `show'
Started GET "/movies/2" for ::1 at 2023-11-16 17:10:32 -0500
  [1m[36mActiveRecord::SchemaMigration Pluck (0.3ms)[0m  [1m[34mSELECT "schema_migrations"."version" FROM "schema_migrations" ORDER BY "schema_migrations"."version" ASC[0m
Processing by MoviesController#show as HTML
  Parameters: {"id"=>"2"}
Completed 500 Internal Server Error in 9481ms (ActiveRecord: 0.0ms | Allocations: 100531)


Started GET "/" for ::1 at 2023-11-16 17:10:41 -0500
  
SystemExit (exit):
  
(byebug):1:in `exit'
(byebug):1:in `show'
app/controllers/movies_controller.rb:8:in `show'
Started GET "/movies" for ::1 at 2023-11-16 17:10:44 -0500
Processing by MoviesController#index as HTML
  Rendering layout layouts/application.html.haml
  Rendering movies/index.html.haml within layouts/application
  [1m[36mMovie Load (1.7ms)[0m  [1m[34mSELECT "movies".* FROM "movies"[0m
  ↳ app/views/movies/index.html.haml:15
  Rendered movies/index.html.haml within layouts/application (Duration: 986.7ms | Allocations: 9107320)
  Rendered layout layouts/application.html.haml (Duration: 1872.0ms | Allocations: 17801224)
Completed 200 OK in 2002ms (Views: 1883.4ms | ActiveRecord: 12.5ms | Allocations: 18251053)


Started GET "/movies" for ::1 at 2023-11-16 17:10:47 -0500
Processing by MoviesController#index as HTML
  Rendering layout layouts/application.html.haml
  Rendering movies/index.html.haml within layouts/application
  [1m[36mMovie Load (4.3ms)[0m  [1m[34mSELECT "movies".* FROM "movies"[0m
  ↳ app/views/movies/index.html.haml:15
  Rendered movies/index.html.haml within layouts/application (Duration: 167.2ms | Allocations: 1980189)
  Rendered layout layouts/application.html.haml (Duration: 247.9ms | Allocations: 3090239)
Completed 200 OK in 266ms (Views: 254.3ms | ActiveRecord: 4.3ms | Allocations: 3297882)


Started GET "/movies" for ::1 at 2023-11-16 17:10:56 -0500
  [1m[36mActiveRecord::SchemaMigration Pluck (0.1ms)[0m  [1m[34mSELECT "schema_migrations"."version" FROM "schema_migrations" ORDER BY "schema_migrations"."version" ASC[0m
Processing by MoviesController#index as HTML
  Rendering layout layouts/application.html.haml
  Rendering movies/index.html.haml within layouts/application
  [1m[36mMovie Load (0.1ms)[0m  [1m[34mSELECT "movies".* FROM "movies"[0m
  ↳ app/views/movies/index.html.haml:15
  Rendered movies/index.html.haml within layouts/application (Duration: 24.3ms | Allocations: 33021)
  Rendered layout layouts/application.html.haml (Duration: 90.2ms | Allocations: 60425)
Completed 200 OK in 97ms (Views: 91.7ms | ActiveRecord: 0.4ms | Allocations: 67750)


Started GET "/movies/1" for ::1 at 2023-11-16 17:11:01 -0500
Processing by MoviesController#show as HTML
  Parameters: {"id"=>"1"}
Completed 500 Internal Server Error in 105877ms (ActiveRecord: 0.0ms | Allocations: 92757)


  
SystemExit (exit):
  
(byebug):1:in `exit'
(byebug):1:in `show'
app/controllers/movies_controller.rb:8:in `show'
Started GET "/movies" for ::1 at 2023-11-16 17:25:43 -0500
  [1m[36mActiveRecord::SchemaMigration Pluck (0.1ms)[0m  [1m[34mSELECT "schema_migrations"."version" FROM "schema_migrations" ORDER BY "schema_migrations"."version" ASC[0m
  
SyntaxError (/home/jhozzel/Desktop/myrottenpotatoes/app/controllers/movies_controller.rb:52: syntax error, unexpected `end', expecting end-of-input):
  
app/controllers/movies_controller.rb:52: syntax error, unexpected `end', expecting end-of-input
app/controllers/movies_controller.rb:52: syntax error, unexpected `end', expecting end-of-input
Started GET "/movies" for ::1 at 2023-11-16 17:26:20 -0500
  [1m[36mActiveRecord::SchemaMigration Pluck (0.1ms)[0m  [1m[34mSELECT "schema_migrations"."version" FROM "schema_migrations" ORDER BY "schema_migrations"."version" ASC[0m
Processing by MoviesController#index as HTML
  Rendering layout layouts/application.html.haml
  Rendering movies/index.html.haml within layouts/application
  [1m[36mMovie Load (0.2ms)[0m  [1m[34mSELECT "movies".* FROM "movies"[0m
  ↳ app/views/movies/index.html.haml:15
  Rendered movies/index.html.haml within layouts/application (Duration: 25.3ms | Allocations: 33021)
  Rendered layout layouts/application.html.haml (Duration: 87.3ms | Allocations: 60121)
Completed 200 OK in 98ms (Views: 90.3ms | ActiveRecord: 0.6ms | Allocations: 67446)


Started GET "/movies/1" for ::1 at 2023-11-16 17:26:21 -0500
Processing by MoviesController#show as HTML
  Parameters: {"id"=>"1"}
exception : 
  Rendering layout layouts/application.html.haml
  Rendering movies/show.html.haml within layouts/application
  Rendered movies/show.html.haml within layouts/application (Duration: 21.5ms | Allocations: 7268)
  Rendered layout layouts/application.html.haml (Duration: 22.1ms | Allocations: 7354)
Completed 500 Internal Server Error in 25ms (ActiveRecord: 0.0ms | Allocations: 8127)


  
ActionView::Template::Error (undefined method `title' for nil:NilClass):
    1: %h2 Details about #{@movie.title}
    2: 
    3: %ul#details
    4:   %li
  
app/views/movies/show.html.haml:1
Started GET "/" for ::1 at 2023-11-16 17:27:30 -0500
  [1m[36mActiveRecord::SchemaMigration Pluck (0.2ms)[0m  [1m[34mSELECT "schema_migrations"."version" FROM "schema_migrations" ORDER BY "schema_migrations"."version" ASC[0m
Started GET "/movies" for ::1 at 2023-11-16 17:27:30 -0500
Processing by MoviesController#index as HTML
  Rendering layout layouts/application.html.haml
  Rendering movies/index.html.haml within layouts/application
  [1m[36mMovie Load (0.2ms)[0m  [1m[34mSELECT "movies".* FROM "movies"[0m
  ↳ app/views/movies/index.html.haml:15
  Rendered movies/index.html.haml within layouts/application (Duration: 24.4ms | Allocations: 33002)
  Rendered layout layouts/application.html.haml (Duration: 87.8ms | Allocations: 60424)
Completed 200 OK in 96ms (Views: 89.4ms | ActiveRecord: 0.5ms | Allocations: 67738)


Started GET "/movies/1" for ::1 at 2023-11-16 17:27:31 -0500
Processing by MoviesController#show as HTML
  Parameters: {"id"=>"1"}
exception : 
  Rendering layout layouts/application.html.haml
  Rendering movies/show.html.haml within layouts/application
  Rendered movies/show.html.haml within layouts/application (Duration: 14.3ms | Allocations: 7173)
  Rendered layout layouts/application.html.haml (Duration: 14.5ms | Allocations: 7259)
Completed 500 Internal Server Error in 16ms (ActiveRecord: 0.0ms | Allocations: 8020)


  
ActionView::Template::Error (undefined method `title' for nil:NilClass):
    1: %h2 Details about #{@movie.title}
    2: 
    3: %ul#details
    4:   %li
  
app/views/movies/show.html.haml:1
Started GET "/movies/1" for ::1 at 2023-11-16 17:28:06 -0500
  [1m[36mActiveRecord::SchemaMigration Pluck (0.1ms)[0m  [1m[34mSELECT "schema_migrations"."version" FROM "schema_migrations" ORDER BY "schema_migrations"."version" ASC[0m
  
SyntaxError (/home/jhozzel/Desktop/myrottenpotatoes/app/controllers/movies_controller.rb:53: syntax error, unexpected end-of-input, expecting `end'):
  
app/controllers/movies_controller.rb:53: syntax error, unexpected end-of-input, expecting `end'
app/controllers/movies_controller.rb:53: syntax error, unexpected end-of-input, expecting `end'
Started GET "/movies/1" for ::1 at 2023-11-16 17:28:22 -0500
  [1m[36mActiveRecord::SchemaMigration Pluck (0.2ms)[0m  [1m[34mSELECT "schema_migrations"."version" FROM "schema_migrations" ORDER BY "schema_migrations"."version" ASC[0m
Processing by MoviesController#show as HTML
  Parameters: {"id"=>"1"}
  [1m[36mMovie Load (0.3ms)[0m  [1m[34mSELECT "movies".* FROM "movies" WHERE "movies"."id" = ? LIMIT ?[0m  [["id", 1], ["LIMIT", 1]]
  ↳ app/controllers/movies_controller.rb:10:in `show'
  Rendering layout layouts/application.html.haml
  Rendering movies/show.html.haml within layouts/application
  Rendered movies/show.html.haml within layouts/application (Duration: 12.8ms | Allocations: 13502)
  Rendered layout layouts/application.html.haml (Duration: 71.5ms | Allocations: 40856)
Completed 200 OK in 98ms (Views: 73.8ms | ActiveRecord: 1.0ms | Allocations: 67779)


Started GET "/movies" for ::1 at 2023-11-16 17:28:25 -0500
Processing by MoviesController#index as HTML
  Rendering layout layouts/application.html.haml
  Rendering movies/index.html.haml within layouts/application
  [1m[36mMovie Load (0.8ms)[0m  [1m[34mSELECT "movies".* FROM "movies"[0m
  ↳ app/views/movies/index.html.haml:15
  Rendered movies/index.html.haml within layouts/application (Duration: 13.5ms | Allocations: 8320)
  Rendered layout layouts/application.html.haml (Duration: 16.6ms | Allocations: 11135)
Completed 200 OK in 18ms (Views: 16.4ms | ActiveRecord: 0.8ms | Allocations: 11605)


Started GET "/movies/2" for ::1 at 2023-11-16 17:28:26 -0500
Processing by MoviesController#show as HTML
  Parameters: {"id"=>"2"}
  [1m[36mMovie Load (0.1ms)[0m  [1m[34mSELECT "movies".* FROM "movies" WHERE "movies"."id" = ? LIMIT ?[0m  [["id", 2], ["LIMIT", 1]]
  ↳ app/controllers/movies_controller.rb:10:in `show'
  Rendering layout layouts/application.html.haml
  Rendering movies/show.html.haml within layouts/application
  Rendered movies/show.html.haml within layouts/application (Duration: 0.5ms | Allocations: 210)
  Rendered layout layouts/application.html.haml (Duration: 3.9ms | Allocations: 2849)
Completed 200 OK in 6ms (Views: 4.4ms | ActiveRecord: 0.1ms | Allocations: 3643)


Started GET "/movies" for ::1 at 2023-11-16 17:28:54 -0500
  [1m[36mActiveRecord::SchemaMigration Pluck (0.1ms)[0m  [1m[34mSELECT "schema_migrations"."version" FROM "schema_migrations" ORDER BY "schema_migrations"."version" ASC[0m
Processing by MoviesController#index as HTML
  Rendering layout layouts/application.html.haml
  Rendering movies/index.html.haml within layouts/application
  [1m[36mMovie Load (0.4ms)[0m  [1m[34mSELECT "movies".* FROM "movies"[0m
  ↳ app/views/movies/index.html.haml:15
  Rendered movies/index.html.haml within layouts/application (Duration: 24.1ms | Allocations: 33022)
  Rendered layout layouts/application.html.haml (Duration: 91.9ms | Allocations: 60320)
Completed 200 OK in 104ms (Views: 93.7ms | ActiveRecord: 0.8ms | Allocations: 67645)


Started GET "/movies/1" for ::1 at 2023-11-16 17:28:55 -0500
Processing by MoviesController#show as HTML
  Parameters: {"id"=>"1"}
  [1m[36mMovie Load (0.2ms)[0m  [1m[34mSELECT "movies".* FROM "movies" WHERE "movies"."id" = ? LIMIT ?[0m  [["id", 1], ["LIMIT", 1]]
  ↳ app/controllers/movies_controller.rb:10:in `show'
movie.inspect(): #<Movie id: 1, title: "Star Wars", rating: "PG", description: nil, release_date: "1977-04-25 00:00:00.000000000 +0000", created_at: "2023-10-04 16:37:50.689777000 +0000", updated_at: "2023-10-04 16:37:50.689777000 +0000">
  Rendering layout layouts/application.html.haml
  Rendering movies/show.html.haml within layouts/application
  Rendered movies/show.html.haml within layouts/application (Duration: 5.7ms | Allocations: 5369)
  Rendered layout layouts/application.html.haml (Duration: 9.8ms | Allocations: 8192)
Completed 200 OK in 16ms (Views: 10.8ms | ActiveRecord: 0.2ms | Allocations: 11466)


Started GET "/movies/1" for ::1 at 2023-11-16 17:29:18 -0500
  [1m[36mActiveRecord::SchemaMigration Pluck (0.1ms)[0m  [1m[34mSELECT "schema_migrations"."version" FROM "schema_migrations" ORDER BY "schema_migrations"."version" ASC[0m
Processing by MoviesController#show as HTML
  Parameters: {"id"=>"1"}
  [1m[36mMovie Load (0.2ms)[0m  [1m[34mSELECT "movies".* FROM "movies" WHERE "movies"."id" = ? LIMIT ?[0m  [["id", 1], ["LIMIT", 1]]
  ↳ app/controllers/movies_controller.rb:10:in `show'
movie.inspect(): #<Movie id: 1, title: "Star Wars", rating: "PG", description: nil, release_date: "1977-04-25 00:00:00.000000000 +0000", created_at: "2023-10-04 16:37:50.689777000 +0000", updated_at: "2023-10-04 16:37:50.689777000 +0000">
  Rendering layout layouts/application.html.haml
  Rendering movies/show.html.haml within layouts/application
  Rendered movies/show.html.haml within layouts/application (Duration: 14.6ms | Allocations: 13308)
  Rendered layout layouts/application.html.haml (Duration: 89.2ms | Allocations: 40434)
Completed 200 OK in 116ms (Views: 92.0ms | ActiveRecord: 1.1ms | Allocations: 67341)


Started GET "/movies/1" for ::1 at 2023-11-16 17:29:23 -0500
Processing by MoviesController#show as HTML
  Parameters: {"id"=>"1"}
  [1m[36mMovie Load (0.1ms)[0m  [1m[34mSELECT "movies".* FROM "movies" WHERE "movies"."id" = ? LIMIT ?[0m  [["id", 1], ["LIMIT", 1]]
  ↳ app/controllers/movies_controller.rb:10:in `show'
movie.inspect(): #<Movie id: 1, title: "Star Wars", rating: "PG", description: nil, release_date: "1977-04-25 00:00:00.000000000 +0000", created_at: "2023-10-04 16:37:50.689777000 +0000", updated_at: "2023-10-04 16:37:50.689777000 +0000">
  Rendering layout layouts/application.html.haml
  Rendering movies/show.html.haml within layouts/application
  Rendered movies/show.html.haml within layouts/application (Duration: 0.3ms | Allocations: 176)
  Rendered layout layouts/application.html.haml (Duration: 3.8ms | Allocations: 3006)
Completed 200 OK in 6ms (Views: 4.3ms | ActiveRecord: 0.1ms | Allocations: 4042)


Started GET "/movies/1" for ::1 at 2023-11-16 17:29:38 -0500
  [1m[36mActiveRecord::SchemaMigration Pluck (0.1ms)[0m  [1m[34mSELECT "schema_migrations"."version" FROM "schema_migrations" ORDER BY "schema_migrations"."version" ASC[0m
Processing by MoviesController#show as HTML
  Parameters: {"id"=>"1"}
  [1m[36mMovie Load (0.1ms)[0m  [1m[34mSELECT "movies".* FROM "movies" WHERE "movies"."id" = ? LIMIT ?[0m  [["id", 1], ["LIMIT", 1]]
  ↳ app/controllers/movies_controller.rb:10:in `show'
movie.inspect(): #<Movie id: 1, title: "Star Wars", rating: "PG", description: nil, release_date: "1977-04-25 00:00:00.000000000 +0000", created_at: "2023-10-04 16:37:50.689777000 +0000", updated_at: "2023-10-04 16:37:50.689777000 +0000">
  Rendering layout layouts/application.html.haml
  Rendering movies/show.html.haml within layouts/application
  Rendered movies/show.html.haml within layouts/application (Duration: 12.7ms | Allocations: 13308)
  Rendered layout layouts/application.html.haml (Duration: 93.3ms | Allocations: 40445)
Completed 200 OK in 116ms (Views: 97.3ms | ActiveRecord: 0.8ms | Allocations: 67352)


Started GET "/movies/1" for ::1 at 2023-11-16 17:30:14 -0500
  [1m[36mActiveRecord::SchemaMigration Pluck (0.1ms)[0m  [1m[34mSELECT "schema_migrations"."version" FROM "schema_migrations" ORDER BY "schema_migrations"."version" ASC[0m
Processing by MoviesController#show as HTML
  Parameters: {"id"=>"1"}
exception : 
  Rendering layout layouts/application.html.haml
  Rendering movies/show.html.haml within layouts/application
  Rendered movies/show.html.haml within layouts/application (Duration: 20.7ms | Allocations: 15097)
  Rendered layout layouts/application.html.haml (Duration: 20.9ms | Allocations: 15199)
Completed 500 Internal Server Error in 28ms (ActiveRecord: 0.0ms | Allocations: 22253)


  
ActionView::Template::Error (undefined method `title' for nil:NilClass):
    1: %h2 Details about #{@movie.title}
    2: 
    3: %ul#details
    4:   %li
  
app/views/movies/show.html.haml:1
Started GET "/movies/1" for ::1 at 2023-11-16 17:31:37 -0500
  [1m[36mActiveRecord::SchemaMigration Pluck (0.1ms)[0m  [1m[34mSELECT "schema_migrations"."version" FROM "schema_migrations" ORDER BY "schema_migrations"."version" ASC[0m
Processing by MoviesController#show as HTML
  Parameters: {"id"=>"1"}
exception : 
  Rendering layout layouts/application.html.haml
  Rendering movies/show.html.haml within layouts/application
  Rendered movies/show.html.haml within layouts/application (Duration: 12.7ms | Allocations: 15097)
  Rendered layout layouts/application.html.haml (Duration: 13.1ms | Allocations: 15199)
Completed 500 Internal Server Error in 25ms (ActiveRecord: 0.0ms | Allocations: 22253)


  
ActionView::Template::Error (undefined method `title' for nil:NilClass):
    1: %h2 Details about #{@movie.title}
    2: 
    3: %ul#details
    4:   %li
  
app/views/movies/show.html.haml:1
Started GET "/movies/1" for ::1 at 2023-11-16 17:31:47 -0500
  [1m[36mActiveRecord::SchemaMigration Pluck (0.1ms)[0m  [1m[34mSELECT "schema_migrations"."version" FROM "schema_migrations" ORDER BY "schema_migrations"."version" ASC[0m
Processing by MoviesController#show as HTML
  Parameters: {"id"=>"1"}
  [1m[36mMovie Load (0.1ms)[0m  [1m[34mSELECT "movies".* FROM "movies" WHERE "movies"."id" = ? LIMIT ?[0m  [["id", 1], ["LIMIT", 1]]
  ↳ app/controllers/movies_controller.rb:9:in `show'
movie.inspect(): #<Movie id: 1, title: "Star Wars", rating: "PG", description: nil, release_date: "1977-04-25 00:00:00.000000000 +0000", created_at: "2023-10-04 16:37:50.689777000 +0000", updated_at: "2023-10-04 16:37:50.689777000 +0000">
  Rendering layout layouts/application.html.haml
  Rendering movies/show.html.haml within layouts/application
  Rendered movies/show.html.haml within layouts/application (Duration: 11.7ms | Allocations: 13308)
  Rendered layout layouts/application.html.haml (Duration: 69.9ms | Allocations: 40455)
Completed 200 OK in 91ms (Views: 72.1ms | ActiveRecord: 0.5ms | Allocations: 67362)


Started GET "/movies/1" for ::1 at 2023-11-16 17:36:55 -0500
  [1m[36mActiveRecord::SchemaMigration Pluck (0.1ms)[0m  [1m[34mSELECT "schema_migrations"."version" FROM "schema_migrations" ORDER BY "schema_migrations"."version" ASC[0m
Processing by MoviesController#show as HTML
  Parameters: {"id"=>"1"}
  [1m[36mMovie Load (0.2ms)[0m  [1m[34mSELECT "movies".* FROM "movies" WHERE "movies"."id" = ? LIMIT ?[0m  [["id", 1], ["LIMIT", 1]]
  ↳ app/controllers/movies_controller.rb:9:in `show'
movie.inspect(): #<Movie id: 1, title: "Star Wars", rating: "PG", description: nil, release_date: "1977-04-25 00:00:00.000000000 +0000", created_at: "2023-10-04 16:37:50.689777000 +0000", updated_at: "2023-10-04 16:37:50.689777000 +0000">
  Rendering layout layouts/application.html.haml
  Rendering movies/show.html.haml within layouts/application
  Rendered movies/show.html.haml within layouts/application (Duration: 11.0ms | Allocations: 13308)
  Rendered layout layouts/application.html.haml (Duration: 97.3ms | Allocations: 40687)
Completed 200 OK in 126ms (Views: 101.0ms | ActiveRecord: 1.6ms | Allocations: 67598)


